2023-05-01T02:23:27.125Z  INFO 1 --- [main] c.s.s.m.MsvcUsuariosApplication          : Starting MsvcUsuariosApplication v0.0.1-SNAPSHOT using Java 17-ea with PID 1 (/app/msvc-usuarios-0.0.1-SNAPSHOT.jar started by root in /app)
2023-05-01T02:23:27.181Z  INFO 1 --- [main] c.s.s.m.MsvcUsuariosApplication          : No active profile set, falling back to 1 default profile: "default"
2023-05-01T02:23:37.801Z  INFO 1 --- [main] .s.d.r.c.RepositoryConfigurationDelegate : Bootstrapping Spring Data JPA repositories in DEFAULT mode.
2023-05-01T02:23:38.563Z  INFO 1 --- [main] .s.d.r.c.RepositoryConfigurationDelegate : Finished Spring Data repository scanning in 679 ms. Found 1 JPA repository interfaces.
2023-05-01T02:23:40.929Z  INFO 1 --- [main] o.s.cloud.context.scope.GenericScope     : BeanFactory id=f346ca18-8066-3f00-8b64-beef73bacaf9
2023-05-01T02:23:41.834Z  INFO 1 --- [main] trationDelegate$BeanPostProcessorChecker : Bean 'com.sazke.springcloud.msvcusuarios.client.CursoClienteRest' of type [org.springframework.cloud.openfeign.FeignClientFactoryBean] is not eligible for getting processed by all BeanPostProcessors (for example: not eligible for auto-proxying)
2023-05-01T02:23:45.204Z  INFO 1 --- [main] o.s.b.w.embedded.tomcat.TomcatWebServer  : Tomcat initialized with port(s): 8001 (http)
2023-05-01T02:23:45.307Z  INFO 1 --- [main] o.apache.catalina.core.StandardService   : Starting service [Tomcat]
2023-05-01T02:23:45.310Z  INFO 1 --- [main] o.apache.catalina.core.StandardEngine    : Starting Servlet engine: [Apache Tomcat/10.1.7]
2023-05-01T02:23:47.549Z  INFO 1 --- [main] o.a.c.c.C.[Tomcat].[localhost].[/]       : Initializing Spring embedded WebApplicationContext
2023-05-01T02:23:47.557Z  INFO 1 --- [main] w.s.c.ServletWebServerApplicationContext : Root WebApplicationContext: initialization completed in 19491 ms
2023-05-01T02:23:49.137Z  INFO 1 --- [main] com.zaxxer.hikari.HikariDataSource       : HikariPool-1 - Starting...
2023-05-01T02:23:52.348Z  INFO 1 --- [main] com.zaxxer.hikari.pool.HikariPool        : HikariPool-1 - Added connection com.mysql.cj.jdbc.ConnectionImpl@420745d7
2023-05-01T02:23:52.369Z  INFO 1 --- [main] com.zaxxer.hikari.HikariDataSource       : HikariPool-1 - Start completed.
2023-05-01T02:23:52.800Z  INFO 1 --- [main] o.hibernate.jpa.internal.util.LogHelper  : HHH000204: Processing PersistenceUnitInfo [name: default]
2023-05-01T02:23:53.184Z  INFO 1 --- [main] org.hibernate.Version                    : HHH000412: Hibernate ORM core version 6.1.7.Final
2023-05-01T02:23:55.745Z  INFO 1 --- [main] SQL dialect                              : HHH000400: Using dialect: org.hibernate.dialect.MySQL8Dialect
2023-05-01T02:23:55.810Z  WARN 1 --- [main] org.hibernate.orm.deprecation            : HHH90000026: MySQL8Dialect has been deprecated; use org.hibernate.dialect.MySQLDialect instead
2023-05-01T02:24:01.645Z  INFO 1 --- [main] o.h.e.t.j.p.i.JtaPlatformInitiator       : HHH000490: Using JtaPlatform implementation: [org.hibernate.engine.transaction.jta.platform.internal.NoJtaPlatform]
2023-05-01T02:24:01.703Z  INFO 1 --- [main] j.LocalContainerEntityManagerFactoryBean : Initialized JPA EntityManagerFactory for persistence unit 'default'
2023-05-01T02:24:05.396Z  WARN 1 --- [main] JpaBaseConfiguration$JpaWebConfiguration : spring.jpa.open-in-view is enabled by default. Therefore, database queries may be performed during view rendering. Explicitly configure spring.jpa.open-in-view to disable this warning
2023-05-01T02:24:10.458Z  INFO 1 --- [main] o.s.b.w.embedded.tomcat.TomcatWebServer  : Tomcat started on port(s): 8001 (http) with context path ''
2023-05-01T02:24:10.588Z  INFO 1 --- [main] c.s.s.m.MsvcUsuariosApplication          : Started MsvcUsuariosApplication in 50.019 seconds (process running for 55.722)
2023-05-01T02:24:20.003Z  INFO 1 --- [http-nio-8001-exec-2] o.a.c.c.C.[Tomcat].[localhost].[/]       : Initializing Spring DispatcherServlet 'dispatcherServlet'
2023-05-01T02:24:20.007Z  INFO 1 --- [http-nio-8001-exec-2] o.s.web.servlet.DispatcherServlet        : Initializing Servlet 'dispatcherServlet'
2023-05-01T02:24:20.034Z  INFO 1 --- [http-nio-8001-exec-2] o.s.web.servlet.DispatcherServlet        : Completed initialization in 25 ms
2023-05-01T02:24:20.984Z DEBUG 1 --- [http-nio-8001-exec-2] org.hibernate.SQL                        : select u1_0.id,u1_0.email,u1_0.nombre,u1_0.password from usuarios u1_0
